[debug] [2020-12-27T17:08:43.032Z] ----------------------------------------------------------------------
[debug] [2020-12-27T17:08:43.036Z] Command:       C:\Program Files\nodejs\node.exe C:\Users\Admin\AppData\Roaming\npm\node_modules\firebase-tools\lib\bin\firebase.js init
[debug] [2020-12-27T17:08:43.037Z] CLI Version:   8.14.1
[debug] [2020-12-27T17:08:43.037Z] Platform:      win32
[debug] [2020-12-27T17:08:43.037Z] Node Version:  v12.19.0
[debug] [2020-12-27T17:08:43.039Z] Time:          Sun Dec 27 2020 18:08:43 GMT+0100 (GMT+01:00)
[debug] [2020-12-27T17:08:43.039Z] ----------------------------------------------------------------------
[debug] [2020-12-27T17:08:43.039Z] 
[debug] [2020-12-27T17:08:43.051Z] > command requires scopes: ["email","openid","https://www.googleapis.com/auth/cloudplatformprojects.readonly","https://www.googleapis.com/auth/firebase","https://www.googleapis.com/auth/cloud-platform"]
[debug] [2020-12-27T17:08:43.052Z] > authorizing via signed-in user
[info] 
     ######## #### ########  ######## ########     ###     ######  ########
     ##        ##  ##     ## ##       ##     ##  ##   ##  ##       ##
     ######    ##  ########  ######   ########  #########  ######  ######
     ##        ##  ##    ##  ##       ##     ## ##     ##       ## ##
     ##       #### ##     ## ######## ########  ##     ##  ######  ########

You're about to initialize a Firebase project in this directory:

  C:\Users\Admin\Documents\GitHub\OrganicShopProject

Before we get started, keep in mind:

  * You are initializing in an existing Firebase project directory

[info] 
=== Project Setup
[info] 
[info] First, let's associate this project directory with a Firebase project.
[info] You can create multiple project aliases by running firebase use --add, 
[info] but for now we'll just set up a default project.
[info] 
[info] i  .firebaserc already has a default project, using oshop-d014d. 
[debug] [2020-12-27T17:09:05.180Z] >>> HTTP REQUEST GET https://firebase.googleapis.com/v1beta1/projects/oshop-d014d  
 
[debug] [2020-12-27T17:09:05.599Z] <<< HTTP RESPONSE 200 {"content-type":"application/json; charset=UTF-8","vary":"X-Origin, Referer, Origin,Accept-Encoding","date":"Sun, 27 Dec 2020 17:09:04 GMT","server":"ESF","cache-control":"private","x-xss-protection":"0","x-frame-options":"SAMEORIGIN","x-content-type-options":"nosniff","alt-svc":"h3-29=\":443\"; ma=2592000,h3-T051=\":443\"; ma=2592000,h3-Q050=\":443\"; ma=2592000,h3-Q046=\":443\"; ma=2592000,h3-Q043=\":443\"; ma=2592000,quic=\":443\"; ma=2592000; v=\"46,43\"","accept-ranges":"none","transfer-encoding":"chunked"}
[info] 
=== Database Setup
[info] 
[info] Firebase Realtime Database Rules allow you to define how your data should be
[info] structured and when your data can be read from and written to.
[info] 
